
> assignment@0.0.0 build-storybook /Users/sonson/Desktop/hanghae/testcode/front_7th_chapter1-3
> storybook build --output-dir=/var/folders/6k/pz28x_5s0rx9q6bct3bqbj3r0000gn/T/chromatic--9861-t2QO3uXNym6r

[1m@storybook/core v8.6.14
[22m
info => Cleaning outputDir: [36m../../../../../../var/folders/6k/pz28x_5s0rx9q6bct3bqbj3r0000gn/T/chromatic--9861-t2QO3uXNym6r[39m
info => Loading presets
info => Building manager..
info => Manager built ([38;2;181;126;229m113 ms[39m)
info => Building preview..
info Using tsconfig paths for react-docgen
[36mvite v7.0.2 [32mbuilding for production...[36m[39m
transforming...
[32m✓[39m 11766 modules transformed.
rendering chunks...
computing gzip size...
[2m../../../../../../var/folders/6k/pz28x_5s0rx9q6bct3bqbj3r0000gn/T/chromatic--9861-t2QO3uXNym6r/[22m[32miframe.html                                      [39m[1m[2m 17.58 kB[22m[1m[22m[2m │ gzip:   4.99 kB[22m
[2m../../../../../../var/folders/6k/pz28x_5s0rx9q6bct3bqbj3r0000gn/T/chromatic--9861-t2QO3uXNym6r/[22m[2massets/[22m[36mpreview-C3M9ZgXf.js                       [39m[1m[2m  0.16 kB[22m[1m[22m[2m │ gzip:   0.16 kB[22m
[2m../../../../../../var/folders/6k/pz28x_5s0rx9q6bct3bqbj3r0000gn/T/chromatic--9861-t2QO3uXNym6r/[22m[2massets/[22m[36mpreview-TqM3Oi8H.js                       [39m[1m[2m  0.17 kB[22m[1m[22m[2m │ gzip:   0.15 kB[22m
[2m../../../../../../var/folders/6k/pz28x_5s0rx9q6bct3bqbj3r0000gn/T/chromatic--9861-t2QO3uXNym6r/[22m[2massets/[22m[36mindex-C5VWEdIh.js                         [39m[1m[2m  0.23 kB[22m[1m[22m[2m │ gzip:   0.19 kB[22m
[2m../../../../../../var/folders/6k/pz28x_5s0rx9q6bct3bqbj3r0000gn/T/chromatic--9861-t2QO3uXNym6r/[22m[2massets/[22m[36mindex-B8rYRX2K.js                         [39m[1m[2m  0.42 kB[22m[1m[22m[2m │ gzip:   0.27 kB[22m
[2m../../../../../../var/folders/6k/pz28x_5s0rx9q6bct3bqbj3r0000gn/T/chromatic--9861-t2QO3uXNym6r/[22m[2massets/[22m[36mpreview-DHQbi4pV.js                       [39m[1m[2m  0.61 kB[22m[1m[22m[2m │ gzip:   0.42 kB[22m
[2m../../../../../../var/folders/6k/pz28x_5s0rx9q6bct3bqbj3r0000gn/T/chromatic--9861-t2QO3uXNym6r/[22m[2massets/[22m[36mpreview-caVMbCIR.js                       [39m[1m[2m  0.69 kB[22m[1m[22m[2m │ gzip:   0.48 kB[22m
[2m../../../../../../var/folders/6k/pz28x_5s0rx9q6bct3bqbj3r0000gn/T/chromatic--9861-t2QO3uXNym6r/[22m[2massets/[22m[36mchunk-XP5HYGXS-BpfKkqn7.js                [39m[1m[2m  0.71 kB[22m[1m[22m[2m │ gzip:   0.40 kB[22m
[2m../../../../../../var/folders/6k/pz28x_5s0rx9q6bct3bqbj3r0000gn/T/chromatic--9861-t2QO3uXNym6r/[22m[2massets/[22m[36mDialogContentText-BWWdywN5.js             [39m[1m[2m  0.73 kB[22m[1m[22m[2m │ gzip:   0.45 kB[22m
[2m../../../../../../var/folders/6k/pz28x_5s0rx9q6bct3bqbj3r0000gn/T/chromatic--9861-t2QO3uXNym6r/[22m[2massets/[22m[36mindex-DrFu-skq.js                         [39m[1m[2m  0.77 kB[22m[1m[22m[2m │ gzip:   0.47 kB[22m
[2m../../../../../../var/folders/6k/pz28x_5s0rx9q6bct3bqbj3r0000gn/T/chromatic--9861-t2QO3uXNym6r/[22m[2massets/[22m[36mindex-C_VjMC7g.js                         [39m[1m[2m  0.84 kB[22m[1m[22m[2m │ gzip:   0.53 kB[22m
[2m../../../../../../var/folders/6k/pz28x_5s0rx9q6bct3bqbj3r0000gn/T/chromatic--9861-t2QO3uXNym6r/[22m[2massets/[22m[36mpreview-CxK4BYVs.js                       [39m[1m[2m  0.86 kB[22m[1m[22m[2m │ gzip:   0.54 kB[22m
[2m../../../../../../var/folders/6k/pz28x_5s0rx9q6bct3bqbj3r0000gn/T/chromatic--9861-t2QO3uXNym6r/[22m[2massets/[22m[36mtest-utils--_O2wM1y.js                    [39m[1m[2m  1.12 kB[22m[1m[22m[2m │ gzip:   0.69 kB[22m
[2m../../../../../../var/folders/6k/pz28x_5s0rx9q6bct3bqbj3r0000gn/T/chromatic--9861-t2QO3uXNym6r/[22m[2massets/[22m[36mRecurringEventDialog.stories-DM-cRFku.js  [39m[1m[2m  2.16 kB[22m[1m[22m[2m │ gzip:   0.82 kB[22m
[2m../../../../../../var/folders/6k/pz28x_5s0rx9q6bct3bqbj3r0000gn/T/chromatic--9861-t2QO3uXNym6r/[22m[2massets/[22m[36mRecurringEventDialog-DHoPkYt8.js          [39m[1m[2m  2.30 kB[22m[1m[22m[2m │ gzip:   1.02 kB[22m
[2m../../../../../../var/folders/6k/pz28x_5s0rx9q6bct3bqbj3r0000gn/T/chromatic--9861-t2QO3uXNym6r/[22m[2massets/[22m[36mOverlapDialog.stories-Ha6b8Zxf.js         [39m[1m[2m  2.69 kB[22m[1m[22m[2m │ gzip:   1.09 kB[22m
[2m../../../../../../var/folders/6k/pz28x_5s0rx9q6bct3bqbj3r0000gn/T/chromatic--9861-t2QO3uXNym6r/[22m[2massets/[22m[36mpreview-WIE65ICp.js                       [39m[1m[2m  3.40 kB[22m[1m[22m[2m │ gzip:   1.65 kB[22m
[2m../../../../../../var/folders/6k/pz28x_5s0rx9q6bct3bqbj3r0000gn/T/chromatic--9861-t2QO3uXNym6r/[22m[2massets/[22m[36mindex-DsJinFGm.js                         [39m[1m[2m  3.89 kB[22m[1m[22m[2m │ gzip:   1.52 kB[22m
[2m../../../../../../var/folders/6k/pz28x_5s0rx9q6bct3bqbj3r0000gn/T/chromatic--9861-t2QO3uXNym6r/[22m[2massets/[22m[36mpreview-DGZ5Qq08.js                       [39m[1m[2m  4.87 kB[22m[1m[22m[2m │ gzip:   1.79 kB[22m
[2m../../../../../../var/folders/6k/pz28x_5s0rx9q6bct3bqbj3r0000gn/T/chromatic--9861-t2QO3uXNym6r/[22m[2massets/[22m[36mStack-rtY_qcbz.js                         [39m[1m[2m  5.04 kB[22m[1m[22m[2m │ gzip:   2.17 kB[22m
[2m../../../../../../var/folders/6k/pz28x_5s0rx9q6bct3bqbj3r0000gn/T/chromatic--9861-t2QO3uXNym6r/[22m[2massets/[22m[36mpreview-BWzBA1C2.js                       [39m[1m[2m  7.62 kB[22m[1m[22m[2m │ gzip:   1.56 kB[22m
[2m../../../../../../var/folders/6k/pz28x_5s0rx9q6bct3bqbj3r0000gn/T/chromatic--9861-t2QO3uXNym6r/[22m[2massets/[22m[36mpreview-DTyQTpzx.js                       [39m[1m[2m  8.07 kB[22m[1m[22m[2m │ gzip:   3.07 kB[22m
[2m../../../../../../var/folders/6k/pz28x_5s0rx9q6bct3bqbj3r0000gn/T/chromatic--9861-t2QO3uXNym6r/[22m[2massets/[22m[36mindex-D4lIrffr.js                         [39m[1m[2m  8.40 kB[22m[1m[22m[2m │ gzip:   3.28 kB[22m
[2m../../../../../../var/folders/6k/pz28x_5s0rx9q6bct3bqbj3r0000gn/T/chromatic--9861-t2QO3uXNym6r/[22m[2massets/[22m[36mPortal-BbE_tdgU.js                        [39m[1m[2m 14.85 kB[22m[1m[22m[2m │ gzip:   5.66 kB[22m
[2m../../../../../../var/folders/6k/pz28x_5s0rx9q6bct3bqbj3r0000gn/T/chromatic--9861-t2QO3uXNym6r/[22m[2massets/[22m[36mCalendarView.stories-BwFyh79T.js          [39m[1m[2m 18.07 kB[22m[1m[22m[2m │ gzip:   5.08 kB[22m
[2m../../../../../../var/folders/6k/pz28x_5s0rx9q6bct3bqbj3r0000gn/T/chromatic--9861-t2QO3uXNym6r/[22m[2massets/[22m[36mEventStateVisual.stories-BZe51UqF.js      [39m[1m[2m 18.28 kB[22m[1m[22m[2m │ gzip:   3.08 kB[22m
[2m../../../../../../var/folders/6k/pz28x_5s0rx9q6bct3bqbj3r0000gn/T/chromatic--9861-t2QO3uXNym6r/[22m[2massets/[22m[36mDialogModals.stories-BNKFgNH9.js          [39m[1m[2m 29.13 kB[22m[1m[22m[2m │ gzip:   6.87 kB[22m
[2m../../../../../../var/folders/6k/pz28x_5s0rx9q6bct3bqbj3r0000gn/T/chromatic--9861-t2QO3uXNym6r/[22m[2massets/[22m[36mColor-YHDXOIA2-CF0FRsQa.js                [39m[1m[2m 29.18 kB[22m[1m[22m[2m │ gzip:  11.01 kB[22m
[2m../../../../../../var/folders/6k/pz28x_5s0rx9q6bct3bqbj3r0000gn/T/chromatic--9861-t2QO3uXNym6r/[22m[2massets/[22m[36mentry-preview-CHpa093h.js                 [39m[1m[2m 29.61 kB[22m[1m[22m[2m │ gzip:   9.48 kB[22m
[2m../../../../../../var/folders/6k/pz28x_5s0rx9q6bct3bqbj3r0000gn/T/chromatic--9861-t2QO3uXNym6r/[22m[2massets/[22m[36mTooltip-D01i7eYI.js                       [39m[1m[2m 34.94 kB[22m[1m[22m[2m │ gzip:  12.59 kB[22m
[2m../../../../../../var/folders/6k/pz28x_5s0rx9q6bct3bqbj3r0000gn/T/chromatic--9861-t2QO3uXNym6r/[22m[2massets/[22m[36mpreview-Cvt6GNIo.js                       [39m[1m[2m 37.35 kB[22m[1m[22m[2m │ gzip:  13.42 kB[22m
[2m../../../../../../var/folders/6k/pz28x_5s0rx9q6bct3bqbj3r0000gn/T/chromatic--9861-t2QO3uXNym6r/[22m[2massets/[22m[36mDialogTitle-DqhHXdMl.js                   [39m[1m[2m 44.72 kB[22m[1m[22m[2m │ gzip:  13.82 kB[22m
[2m../../../../../../var/folders/6k/pz28x_5s0rx9q6bct3bqbj3r0000gn/T/chromatic--9861-t2QO3uXNym6r/[22m[2massets/[22m[36mindex-BWUjYhD4.js                         [39m[1m[2m 56.84 kB[22m[1m[22m[2m │ gzip:  16.20 kB[22m
[2m../../../../../../var/folders/6k/pz28x_5s0rx9q6bct3bqbj3r0000gn/T/chromatic--9861-t2QO3uXNym6r/[22m[2massets/[22m[36mDefaultPropsProvider-C8HUZZhB.js          [39m[1m[2m 73.18 kB[22m[1m[22m[2m │ gzip:  25.93 kB[22m
[2m../../../../../../var/folders/6k/pz28x_5s0rx9q6bct3bqbj3r0000gn/T/chromatic--9861-t2QO3uXNym6r/[22m[2massets/[22m[36mreact-18-Dhjvimrl.js                      [39m[1m[2m174.53 kB[22m[1m[22m[2m │ gzip:  55.25 kB[22m
[2m../../../../../../var/folders/6k/pz28x_5s0rx9q6bct3bqbj3r0000gn/T/chromatic--9861-t2QO3uXNym6r/[22m[2massets/[22m[36miframe-BmLPYSQ8.js                        [39m[1m[2m210.86 kB[22m[1m[22m[2m │ gzip:  71.48 kB[22m
[2m../../../../../../var/folders/6k/pz28x_5s0rx9q6bct3bqbj3r0000gn/T/chromatic--9861-t2QO3uXNym6r/[22m[2massets/[22m[36mentry-preview-docs-v5E33Fge.js            [39m[1m[2m246.75 kB[22m[1m[22m[2m │ gzip:  73.33 kB[22m
[2m../../../../../../var/folders/6k/pz28x_5s0rx9q6bct3bqbj3r0000gn/T/chromatic--9861-t2QO3uXNym6r/[22m[2massets/[22m[36mindex-DvU6uYnt.js                         [39m[1m[33m659.57 kB[39m[22m[2m │ gzip: 156.16 kB[22m
[2m../../../../../../var/folders/6k/pz28x_5s0rx9q6bct3bqbj3r0000gn/T/chromatic--9861-t2QO3uXNym6r/[22m[2massets/[22m[36mDocsRenderer-CFRXHY34-C2VxK5xy.js         [39m[1m[33m889.76 kB[39m[22m[2m │ gzip: 275.13 kB[22m
[32m✓ built in 10.72s[39m
info => Preview built ([38;2;181;126;229m11 s[39m)
info => Output directory: /var/folders/6k/pz28x_5s0rx9q6bct3bqbj3r0000gn/T/chromatic--9861-t2QO3uXNym6r
